\BOOKMARK [0][-]{section*.1}{\376\377\000D\000e\000c\000l\000a\000r\000a\000t\000i\000o\000n\000\040\000o\000f\000\040\000A\000u\000t\000h\000o\000r\000s\000h\000i\000p}{}% 1
\BOOKMARK [0][-]{section*.2}{\376\377\000A\000b\000s\000t\000r\000a\000c\000t}{}% 2
\BOOKMARK [0][-]{chapter.7}{\376\377\000I\000n\000t\000r\000o\000d\000u\000c\000t\000i\000o\000n}{}% 3
\BOOKMARK [1][-]{section.8}{\376\377\000D\000e\000f\000i\000n\000i\000t\000i\000o\000n\000s}{chapter.7}% 4
\BOOKMARK [2][-]{subsection.9}{\376\377\000U\000n\000i\000v\000a\000r\000i\000a\000t\000e\000,\000\040\000B\000i\000v\000a\000r\000i\000a\000t\000e\000\040\000a\000n\000d\000\040\000M\000u\000l\000t\000i\000v\000a\000r\000i\000a\000t\000e\000\040\000D\000a\000t\000a}{section.8}% 5
\BOOKMARK [3][-]{section*.10}{\376\377\000U\000n\000i\000v\000a\000r\000i\000a\000t\000e\000\040\000D\000a\000t\000a}{subsection.9}% 6
\BOOKMARK [3][-]{section*.11}{\376\377\000B\000i\000v\000a\000r\000i\000a\000t\000e\000\040\000D\000a\000t\000a}{subsection.9}% 7
\BOOKMARK [3][-]{section*.12}{\376\377\000M\000u\000l\000t\000i\000v\000a\000r\000i\000a\000t\000e\000\040\000D\000a\000t\000a}{subsection.9}% 8
\BOOKMARK [2][-]{subsection.13}{\376\377\000N\000e\000u\000r\000a\000l\000\040\000N\000e\000t\000w\000o\000r\000k\000s}{section.8}% 9
\BOOKMARK [3][-]{section*.14}{\376\377\000N\000e\000u\000r\000o\000n}{subsection.13}% 10
\BOOKMARK [3][-]{section*.15}{\376\377\000L\000a\000y\000e\000r}{subsection.13}% 11
\BOOKMARK [3][-]{section*.17}{\376\377\000O\000p\000t\000i\000m\000i\000z\000e\000r\000s}{subsection.13}% 12
\BOOKMARK [3][-]{section*.18}{\376\377\000S\000u\000p\000e\000r\000v\000i\000s\000e\000d\000\040\000v\000s\000.\000\040\000U\000n\000s\000u\000p\000e\000r\000v\000i\000s\000e\000d\000\040\000L\000e\000a\000r\000n\000i\000n\000g}{subsection.13}% 13
\BOOKMARK [1][-]{section.19}{\376\377\000B\000a\000c\000k\000g\000r\000o\000u\000n\000d}{chapter.7}% 14
\BOOKMARK [2][-]{subsection.20}{\376\377\000N\000e\000u\000r\000a\000l\000\040\000N\000e\000t\000w\000o\000r\000k\000s\000\040\000f\000o\000r\000\040\000A\000n\000o\000m\000a\000l\000y\000\040\000D\000e\000t\000e\000c\000t\000i\000o\000n}{section.19}% 15
\BOOKMARK [3][-]{section*.21}{\376\377\000L\000S\000T\000M}{subsection.20}% 16
\BOOKMARK [3][-]{section*.27}{\376\377\000C\000N\000N}{subsection.20}% 17
\BOOKMARK [2][-]{subsection.30}{\376\377\000T\000r\000a\000n\000s\000f\000e\000r\000\040\000L\000e\000a\000r\000n\000i\000n\000g}{section.19}% 18
\BOOKMARK [1][-]{section.31}{\376\377\000P\000r\000o\000b\000l\000e\000m\000\040\000S\000t\000a\000t\000e\000m\000e\000n\000t}{chapter.7}% 19
\BOOKMARK [1][-]{section.32}{\376\377\000T\000h\000e\000s\000i\000s\000\040\000S\000t\000a\000t\000e\000m\000e\000n\000t}{chapter.7}% 20
\BOOKMARK [2][-]{subsection.33}{\376\377\000S\000u\000b\000q\000u\000e\000s\000t\000i\000o\000n\000s}{section.32}% 21
\BOOKMARK [2][-]{subsection.34}{\376\377\000R\000e\000s\000e\000a\000r\000c\000h\000\040\000O\000b\000j\000e\000c\000t\000i\000v\000e\000s}{section.32}% 22
\BOOKMARK [2][-]{subsection.39}{\376\377\000L\000i\000m\000i\000t\000a\000t\000i\000o\000n\000s}{section.32}% 23
\BOOKMARK [2][-]{subsection.40}{\376\377\000S\000i\000g\000n\000i\000f\000i\000c\000a\000n\000c\000e}{section.32}% 24
\BOOKMARK [0][-]{chapter.41}{\376\377\000R\000e\000l\000a\000t\000e\000d\000\040\000L\000i\000t\000e\000r\000a\000t\000u\000r\000e}{}% 25
\BOOKMARK [1][-]{section.42}{\376\377\000A\000n\000o\000m\000a\000l\000y\000\040\000o\000r\000\040\000O\000u\000t\000l\000i\000e\000r\000?}{chapter.41}% 26
\BOOKMARK [2][-]{subsection.43}{\376\377\000T\000y\000p\000e\000s\000\040\000o\000f\000\040\000A\000n\000o\000m\000a\000l\000i\000e\000s}{section.42}% 27
\BOOKMARK [1][-]{section.47}{\376\377\000A\000n\000o\000m\000a\000l\000y\000\040\000D\000e\000t\000e\000c\000t\000i\000o\000n\000\040\000o\000n\000\040\000U\000n\000i\000v\000a\000r\000i\000a\000t\000e\000\040\000T\000i\000m\000e\000\040\000S\000e\000r\000i\000e\000s}{chapter.41}% 28
\BOOKMARK [2][-]{subsection.48}{\376\377\000L\000S\000T\000M}{section.47}% 29
\BOOKMARK [2][-]{subsection.49}{\376\377\000C\000N\000N}{section.47}% 30
\BOOKMARK [2][-]{subsection.51}{\376\377\000C\000o\000m\000p\000a\000r\000i\000s\000o\000n}{section.47}% 31
\BOOKMARK [3][-]{section*.52}{\376\377\000C\000o\000m\000p\000a\000r\000i\000s\000o\000n\000\040\000o\000f\000\040\000A\000U\000C}{subsection.51}% 32
\BOOKMARK [3][-]{section*.54}{\376\377\000C\000o\000m\000p\000u\000t\000a\000t\000i\000o\000n\000\040\000T\000i\000m\000e}{subsection.51}% 33
\BOOKMARK [1][-]{section.55}{\376\377\000A\000n\000o\000m\000a\000l\000y\000\040\000D\000e\000t\000e\000c\000t\000i\000o\000n\000\040\000o\000n\000\040\000M\000u\000l\000t\000i\000v\000a\000r\000i\000a\000t\000e\000\040\000T\000i\000m\000e\000\040\000S\000e\000r\000i\000e\000s}{chapter.41}% 34
\BOOKMARK [2][-]{subsection.56}{\376\377\000L\000S\000T\000M}{section.55}% 35
\BOOKMARK [3][-]{section*.57}{\376\377\000A\000n\000o\000m\000a\000l\000y\000\040\000D\000e\000t\000e\000c\000t\000i\000o\000n\000\040\000u\000s\000i\000n\000g\000\040\000L\000S\000T\000M}{subsection.56}% 36
\BOOKMARK [2][-]{subsection.58}{\376\377\000C\000N\000N}{section.55}% 37
\BOOKMARK [3][-]{section*.59}{\376\377\000C\000l\000a\000s\000s\000i\000f\000i\000c\000a\000t\000i\000o\000n\000\040\000o\000f\000\040\000T\000i\000m\000e\000\040\000S\000e\000r\000i\000e\000s\000\040\000D\000a\000t\000a\000\040\000u\000s\000i\000n\000g\000\040\000C\000N\000N}{subsection.58}% 38
\BOOKMARK [3][-]{section*.61}{\376\377\000U\000-\000N\000e\000t\000s\000\040\000f\000o\000r\000\040\000A\000n\000o\000m\000a\000l\000y\000\040\000D\000e\000t\000e\000c\000t\000i\000o\000n}{subsection.58}% 39
\BOOKMARK [1][-]{section.63}{\376\377\000T\000r\000a\000n\000s\000f\000e\000r\000\040\000L\000e\000a\000r\000n\000i\000n\000g}{chapter.41}% 40
\BOOKMARK [2][-]{subsection.64}{\376\377\000T\000r\000a\000n\000s\000f\000e\000r\000\040\000L\000e\000a\000r\000n\000i\000n\000g\000\040\000w\000i\000t\000h\000\040\000C\000N\000N}{section.63}% 41
\BOOKMARK [3][-]{section*.65}{\376\377\000T\000r\000a\000n\000s\000f\000e\000r\000\040\000L\000e\000a\000r\000n\000i\000n\000g\000\040\000i\000n\000\040\000A\000n\000o\000m\000a\000l\000y\000\040\000D\000e\000t\000e\000c\000t\000i\000o\000n}{subsection.64}% 42
\BOOKMARK [2][-]{subsection.67}{\376\377\000T\000r\000a\000n\000s\000f\000e\000r\000\040\000L\000e\000a\000r\000n\000i\000n\000g\000\040\000w\000i\000t\000h\000\040\000R\000N\000N}{section.63}% 43
\BOOKMARK [3][-]{section*.68}{\376\377\000T\000r\000a\000n\000s\000f\000e\000r\000\040\000L\000e\000a\000r\000n\000i\000n\000g\000\040\000f\000o\000r\000\040\000T\000i\000m\000e\000\040\000S\000e\000r\000i\000e\000s\000\040\000A\000n\000a\000l\000y\000s\000i\000s}{subsection.67}% 44
\BOOKMARK [1][-]{section.70}{\376\377\000P\000a\000r\000a\000m\000e\000t\000e\000r\000\040\000S\000e\000t\000t\000i\000n\000g\000s\000\040\000f\000o\000r\000\040\000f\000a\000i\000r\000\040\000c\000o\000m\000p\000a\000r\000i\000s\000o\000n}{chapter.41}% 45
\BOOKMARK [2][-]{subsection.71}{\376\377\000R\000O\000C\000\040\000a\000n\000d\000\040\000A\000U\000C}{section.70}% 46
\BOOKMARK [2][-]{subsection.73}{\376\377\000C\000o\000m\000p\000u\000t\000a\000t\000i\000o\000n\000\040\000T\000i\000m\000e}{section.70}% 47
\BOOKMARK [1][-]{section.74}{\376\377\000R\000e\000s\000e\000a\000r\000c\000h\000\040\000G\000a\000p}{chapter.41}% 48
\BOOKMARK [0][-]{chapter.75}{\376\377\000R\000e\000s\000e\000a\000r\000c\000h\000\040\000M\000e\000t\000h\000o\000d\000o\000l\000o\000g\000y}{}% 49
\BOOKMARK [1][-]{section.76}{\376\377\000I\000n\000t\000r\000o\000d\000u\000c\000t\000i\000o\000n}{chapter.75}% 50
\BOOKMARK [1][-]{section.77}{\376\377\000R\000e\000s\000e\000a\000r\000c\000h\000\040\000D\000e\000s\000i\000g\000n}{chapter.75}% 51
\BOOKMARK [2][-]{subsection.79}{\376\377\000A\000w\000a\000r\000e\000n\000e\000s\000s\000\040\000o\000f\000\040\000t\000h\000e\000\040\000P\000r\000o\000b\000l\000e\000m\000\040\000-\000\040\000L\000i\000t\000e\000r\000a\000t\000u\000r\000e\000\040\000R\000e\000v\000i\000e\000w}{section.77}% 52
\BOOKMARK [2][-]{subsection.80}{\376\377\000S\000u\000g\000g\000e\000s\000t\000i\000o\000n\000\040\000-\000\040\000D\000a\000t\000a\000\040\000S\000e\000l\000e\000c\000t\000i\000o\000n}{section.77}% 53
\BOOKMARK [2][-]{subsection.81}{\376\377\000S\000u\000g\000g\000e\000s\000t\000i\000o\000n\000\040\000-\000\040\000D\000e\000s\000i\000g\000n\000\040\000o\000f\000\040\000E\000x\000p\000e\000r\000i\000m\000e\000n\000t\000s}{section.77}% 54
\BOOKMARK [2][-]{subsection.82}{\376\377\000D\000e\000v\000e\000l\000o\000p\000m\000e\000n\000t\000\040\000-\000\040\000E\000x\000p\000e\000r\000i\000m\000e\000n\000t\000s}{section.77}% 55
\BOOKMARK [2][-]{subsection.84}{\376\377\000E\000v\000a\000l\000u\000a\000t\000i\000o\000n\000\040\000-\000\040\000R\000e\000s\000u\000l\000t\000s\000\040\000A\000n\000a\000l\000y\000s\000i\000s}{section.77}% 56
\BOOKMARK [2][-]{subsection.85}{\376\377\000C\000o\000n\000c\000l\000u\000s\000i\000o\000n\000\040\000-\000\040\000R\000e\000c\000o\000m\000m\000e\000n\000d\000a\000t\000i\000o\000n\000s}{section.77}% 57
\BOOKMARK [0][-]{chapter.86}{\376\377\000S\000u\000g\000g\000e\000s\000t\000i\000o\000n}{}% 58
\BOOKMARK [1][-]{section.87}{\376\377\000C\000r\000i\000t\000i\000c\000s}{chapter.86}% 59
\BOOKMARK [1][-]{section.88}{\376\377\000A\000n\000o\000m\000a\000l\000i\000e\000s}{chapter.86}% 60
\BOOKMARK [0][-]{appendix*.90}{\376\377\000B\000i\000b\000l\000i\000o\000g\000r\000a\000p\000h\000y}{}% 61
