This is pdfTeX, Version 3.141592653-2.6-1.40.22 (MiKTeX 21.3) (preloaded format=pdflatex 2021.4.14)  30 SEP 2021 16:07
entering extended mode
**./main.tex
(main.tex
LaTeX2e <2020-10-01> patch level 4
L3 programming layer <2021-02-18> (MastersDoctoralThesis.cls
Document Class: MastersDoctoralThesis 2017/08/27 v1.6 LaTeXTemplates.com
(D:\MikTex\tex/latex/etoolbox\etoolbox.sty
Package: etoolbox 2020/10/05 v2.5k e-TeX tools for LaTeX (JAW)
\etb@tempcnta=\count179
)
(D:\MikTex\tex/latex/l3packages/xparse\xparse.sty
(D:\MikTex\tex/latex/l3kernel\expl3.sty
Package: expl3 2021-02-18 L3 programming layer (loader) 

(D:\MikTex\tex/latex/l3backend\l3backend-pdftex.def
File: l3backend-pdftex.def 2021-03-18 L3 backend support: PDF output (pdfTeX)
\l__color_backend_stack_int=\count180
\l__pdf_internal_box=\box47
))
(D:\MikTex\tex/latex/l3packages/xparse\xparse-2020-10-01.sty
(D:\MikTex\tex/latex/l3packages/xparse\xparse-generic.tex)))
(D:\MikTex\tex/latex/base\book.cls
Document Class: book 2020/04/10 v1.4m Standard LaTeX document class
(D:\MikTex\tex/latex/base\bk11.clo
File: bk11.clo 2020/04/10 v1.4m Standard LaTeX file (size option)
)
\c@part=\count181
\c@chapter=\count182
\c@section=\count183
\c@subsection=\count184
\c@subsubsection=\count185
\c@paragraph=\count186
\c@subparagraph=\count187
\c@figure=\count188
\c@table=\count189
\abovecaptionskip=\skip47
\belowcaptionskip=\skip48
\bibindent=\dimen138
) (D:\MikTex\tex/generic/babel\babel.sty
Package: babel 2021/03/24 3.56 The Babel package

(D:\MikTex\tex/generic/babel\babel.def
File: babel.def 2021/03/24 3.56 Babel common definitions
\babel@savecnt=\count190
\U@D=\dimen139
\l@babelnohyphens=\language79

(D:\MikTex\tex/generic/babel\txtbabel.def)
\bbl@readstream=\read2
)
\bbl@dirlevel=\count191

*************************************
* Local config file bblopts.cfg used
*
(D:\MikTex\tex/latex/arabi\bblopts.cfg
File: bblopts.cfg 2005/09/08 v0.1 add Arabic and Farsi to "declared" options of
 babel
)
(D:\MikTex\tex/latex/babel-english\english.ldf
Language: english 2017/06/06 v3.3r English support from the babel system
Package babel Info: \l@canadian = using hyphenrules for english
(babel)             (\language0) on input line 102.
Package babel Info: \l@australian = using hyphenrules for ukenglish
(babel)             (\language73) on input line 105.
Package babel Info: \l@newzealand = using hyphenrules for ukenglish
(babel)             (\language73) on input line 108.
))
(D:\MikTex\tex/latex/koma-script\scrbase.sty
Package: scrbase 2021/03/17 v3.33 KOMA-Script package (KOMA-Script-independent 
basics and keyval usage)

(D:\MikTex\tex/latex/koma-script\scrlfile.sty
Package: scrlfile 2021/03/17 v3.33 KOMA-Script package (file load hooks)

(D:\MikTex\tex/latex/koma-script\scrlfile-hook.sty
Package: scrlfile-hook 2021/03/17 v3.33 KOMA-Script package (using LaTeX hooks)


(D:\MikTex\tex/latex/koma-script\scrlogo.sty
Package: scrlogo 2021/03/17 v3.33 KOMA-Script package (logo)
)))
(D:\MikTex\tex/latex/graphics\keyval.sty
Package: keyval 2014/10/28 v1.15 key=value parser (DPC)
\KV@toks@=\toks15
)
Skipping: [2021/05/01] Usage of raw option list on input line 252.
Applying: [0000/00/00] compatibility for LaTeX before 2021/05/01 on input line 
337.
)
(D:\MikTex\tex/latex/koma-script\scrhack.sty
Package: scrhack 2021/03/17 v3.33 KOMA-Script package (hacking other packages)

(D:\MikTex\tex/latex/koma-script\scrkbase.sty
Package: scrkbase 2021/03/17 v3.33 KOMA-Script package (KOMA-Script-dependent b
asics and keyval usage)
)
(D:\MikTex\tex/latex/xpatch\xpatch.sty
Package: xpatch 2020/03/25 v0.3a Extending etoolbox patching commands
))
(D:\MikTex\tex/latex/setspace\setspace.sty
Package: setspace 2011/12/19 v6.7a set line spacing
)
Package scrhack Info: loading setspace hack on input line 193.

(D:\MikTex\tex/latex/koma-script\setspace.hak
File: setspace.hak 2021/03/17 v3.33 KOMA-Script scrhack part (hacking package s
etspace)
)
(D:\MikTex\tex/latex/latex-tools\longtable.sty
Package: longtable 2020/01/07 v4.13 Multi-page Table package (DPC)
\LTleft=\skip49
\LTright=\skip50
\LTpre=\skip51
\LTpost=\skip52
\LTchunksize=\count192
\LTcapwidth=\dimen140
\LT@head=\box48
\LT@firsthead=\box49
\LT@foot=\box50
\LT@lastfoot=\box51
\LT@cols=\count193
\LT@rows=\count194
\c@LT@tables=\count195
\c@LT@chunks=\count196
\LT@p@ftn=\toks16
)
(D:\MikTex\tex/latex/siunitx\siunitx.sty
Package: siunitx 2021/03/27 v2.8c A comprehensive (SI) units package

(D:\MikTex\tex/latex/amsmath\amstext.sty
Package: amstext 2000/06/29 v2.01 AMS text

(D:\MikTex\tex/latex/amsmath\amsgen.sty
File: amsgen.sty 1999/11/30 v2.0 generic functions
\@emptytoks=\toks17
\ex@=\dimen141
))
(D:\MikTex\tex/latex/latex-tools\array.sty
Package: array 2020/10/01 v2.5c Tabular extension package (FMi)
\col@sep=\dimen142
\ar@mcellbox=\box52
\extrarowheight=\dimen143
\NC@list=\toks18
\extratabsurround=\skip53
\backup@length=\skip54
\ar@cellbox=\box53
)
(D:\MikTex\tex/latex/l3packages/l3keys2e\l3keys2e.sty
Package: l3keys2e 2021-03-12 LaTeX2e option processing using LaTeX3 keys
)
\l__siunitx_tmp_box=\box54
\l__siunitx_tmp_dim=\dimen144
\l__siunitx_tmp_int=\count197
\l__siunitx_number_mantissa_length_int=\count198
\l__siunitx_number_uncert_length_int=\count199
\l__siunitx_round_int=\count266
\l__siunitx_process_decimal_int=\count267
\l__siunitx_process_uncertainty_int=\count268
\l__siunitx_process_fixed_int=\count269
\l__siunitx_process_integer_min_int=\count270
\l__siunitx_process_precision_int=\count271
\l__siunitx_group_min_int=\count272
\l__siunitx_angle_marker_box=\box55
\l__siunitx_angle_unit_box=\box56
\l__siunitx_angle_marker_dim=\dimen145
\l__siunitx_angle_unit_dim=\dimen146
\l__siunitx_unit_int=\count273
\l__siunitx_unit_denominator_int=\count274
\l__siunitx_unit_numerator_int=\count275
\l__siunitx_unit_prefix_int=\count276
\l__siunitx_unit_prefix_base_int=\count277
\l__siunitx_unit_prefix_gram_int=\count278
\l__siunitx_number_product_int=\count279
\c__siunitx_one_fill_skip=\skip55
\l__siunitx_table_unit_align_skip=\skip56
\l__siunitx_table_exponent_dim=\dimen147
\l__siunitx_table_integer_dim=\dimen148
\l__siunitx_table_mantissa_dim=\dimen149
\l__siunitx_table_marker_dim=\dimen150
\l__siunitx_table_result_dim=\dimen151
\l__siunitx_table_uncert_dim=\dimen152
\l__siunitx_table_fill_pre_dim=\dimen153
\l__siunitx_table_fill_post_dim=\dimen154
\l__siunitx_table_fill_mid_dim=\dimen155
\l__siunitx_table_pre_box=\box57
\l__siunitx_table_post_box=\box58
\l__siunitx_table_mantissa_box=\box59
\l__siunitx_table_result_box=\box60
\l__siunitx_table_number_align_skip=\skip57
\l__siunitx_table_text_align_skip=\skip58

(D:\MikTex\tex/latex/translator\translator.sty
Package: translator 2020-08-03 v1.12c Easy translation of strings in LaTeX
))
(D:\MikTex\tex/latex/graphics\graphicx.sty
Package: graphicx 2020/09/09 v1.2b Enhanced LaTeX Graphics (DPC,SPQR)

(D:\MikTex\tex/latex/graphics\graphics.sty
Package: graphics 2020/08/30 v1.4c Standard LaTeX Graphics (DPC,SPQR)

(D:\MikTex\tex/latex/graphics\trig.sty
Package: trig 2016/01/03 v1.10 sin cos tan (DPC)
)
(D:\MikTex\tex/latex/graphics-cfg\graphics.cfg
File: graphics.cfg 2016/06/04 v1.11 sample graphics configuration
)
Package graphics Info: Driver file: pdftex.def on input line 105.

(D:\MikTex\tex/latex/graphics-def\pdftex.def
File: pdftex.def 2020/10/05 v1.2a Graphics/color driver for pdftex
))
\Gin@req@height=\dimen156
\Gin@req@width=\dimen157
)
(D:\MikTex\tex/latex/booktabs\booktabs.sty
Package: booktabs 2020/01/12 v1.61803398 Publication quality tables
\heavyrulewidth=\dimen158
\lightrulewidth=\dimen159
\cmidrulewidth=\dimen160
\belowrulesep=\dimen161
\belowbottomsep=\dimen162
\aboverulesep=\dimen163
\abovetopsep=\dimen164
\cmidrulesep=\dimen165
\cmidrulekern=\dimen166
\defaultaddspace=\dimen167
\@cmidla=\count280
\@cmidlb=\count281
\@aboverulesep=\dimen168
\@belowrulesep=\dimen169
\@thisruleclass=\count282
\@lastruleclass=\count283
\@thisrulewidth=\dimen170
)
(D:\MikTex\tex/latex/caption\caption.sty
Package: caption 2020/10/26 v3.5g Customizing captions (AR)

(D:\MikTex\tex/latex/caption\caption3.sty
Package: caption3 2020/10/21 v2.2e caption3 kernel (AR)
\captionmargin=\dimen171
\captionmargin@=\dimen172
\captionwidth=\dimen173
\caption@tempdima=\dimen174
\caption@indent=\dimen175
\caption@parindent=\dimen176
\caption@hangindent=\dimen177
Package caption Info: Standard document class detected.
)
\c@caption@flags=\count284
\c@continuedfloat=\count285
Package caption Info: longtable package is loaded.

(D:\MikTex\tex/latex/caption\ltcaption.sty
Package: ltcaption 2020/05/30 v1.4b longtable captions (AR)
))
(D:\MikTex\tex/latex/xcolor\xcolor.sty
Package: xcolor 2016/05/11 v2.12 LaTeX color extensions (UK)

(D:\MikTex\tex/latex/graphics-cfg\color.cfg
File: color.cfg 2016/01/02 v1.6 sample color configuration
)
Package xcolor Info: Driver file: pdftex.def on input line 225.
Package xcolor Info: Model `cmy' substituted by `cmy0' on input line 1348.
Package xcolor Info: Model `hsb' substituted by `rgb' on input line 1352.
Package xcolor Info: Model `RGB' extended on input line 1364.
Package xcolor Info: Model `HTML' substituted by `rgb' on input line 1366.
Package xcolor Info: Model `Hsb' substituted by `hsb' on input line 1367.
Package xcolor Info: Model `tHsb' substituted by `hsb' on input line 1368.
Package xcolor Info: Model `HSB' substituted by `hsb' on input line 1369.
Package xcolor Info: Model `Gray' substituted by `gray' on input line 1370.
Package xcolor Info: Model `wave' substituted by `hsb' on input line 1371.
)
(D:\MikTex\tex/latex/geometry\geometry.sty
Package: geometry 2020/01/02 v5.9 Page Geometry

(D:\MikTex\tex/generic/iftex\ifvtex.sty
Package: ifvtex 2019/10/25 v1.7 ifvtex legacy package. Use iftex instead.
 (D:\MikTex\tex/generic/iftex\iftex.sty
Package: iftex 2020/03/06 v1.0d TeX engine tests
))
\Gm@cnth=\count286
\Gm@cntv=\count287
\c@Gm@tempcnt=\count288
\Gm@bindingoffset=\dimen178
\Gm@wd@mp=\dimen179
\Gm@odd@mp=\dimen180
\Gm@even@mp=\dimen181
\Gm@layoutwidth=\dimen182
\Gm@layoutheight=\dimen183
\Gm@layouthoffset=\dimen184
\Gm@layoutvoffset=\dimen185
\Gm@dimlist=\toks19
 (D:\MikTex\tex/latex/geometry\geometry.cfg))
(D:\MikTex\tex/latex/koma-script\scrlayer-scrpage.sty
Package: scrlayer-scrpage 2021/03/17 v3.33 KOMA-Script package (end user interf
ace for scrlayer)

(D:\MikTex\tex/latex/koma-script\scrlayer.sty
Package: scrlayer 2021/03/17 v3.33 KOMA-Script package (defining layers and pag
e styles)
\footheight=\skip59
Package scrlayer Info: patching LaTeX kernel macro \pagestyle on input line 216
2.
)
Package scrbase Info: Unknown processing state.
(scrbase)             Processing option `markcase=used'
(scrbase)             of member `.scrlayer-scrpage.sty' of family
(scrbase)             `KOMA' doesn't set
(scrbase)             a valid state. This will be interpreted
(scrbase)             as \FamilyKeyStateProcessed on input line 636.
)
Package scrlayer-scrpage Info: auto-selection of `pagestyleset=standard'.

1: chapter
1: chapter
1: section
) (D:\MikTex\tex/latex/base\inputenc.sty
Package: inputenc 2020/08/01 v1.3d Input encoding file
\inpenc@prehook=\toks20
\inpenc@posthook=\toks21
) (D:\MikTex\tex/latex/base\fontenc.sty
Package: fontenc 2020/08/10 v2.0s Standard LaTeX package
) (D:\MikTex\tex/latex/psnfss\mathpazo.sty
Package: mathpazo 2020/03/25 PSNFSS-v9.3 Palatino w/ Pazo Math (D.Puga, WaS) 
\symupright=\mathgroup4
)
(D:\MikTex\tex/latex/biblatex\biblatex.sty
Package: biblatex 2020/12/31 v3.16 programmable bibliographies (PK/MW)

(D:\MikTex\tex/generic/pdftexcmds\pdftexcmds.sty
Package: pdftexcmds 2020-06-27 v0.33 Utility functions of pdfTeX for LuaTeX (HO
)

(D:\MikTex\tex/generic/infwarerr\infwarerr.sty
Package: infwarerr 2019/12/03 v1.5 Providing info/warning/error messages (HO)
)
(D:\MikTex\tex/generic/ltxcmds\ltxcmds.sty
Package: ltxcmds 2020-05-10 v1.25 LaTeX kernel commands for general use (HO)
)
Package pdftexcmds Info: \pdf@primitive is available.
Package pdftexcmds Info: \pdf@ifprimitive is available.
Package pdftexcmds Info: \pdfdraftmode found.
)
(D:\MikTex\tex/latex/kvoptions\kvoptions.sty
Package: kvoptions 2020-10-07 v3.14 Key value format for package options (HO)

(D:\MikTex\tex/generic/kvsetkeys\kvsetkeys.sty
Package: kvsetkeys 2019/12/15 v1.18 Key value parser (HO)
))
(D:\MikTex\tex/latex/logreq\logreq.sty
Package: logreq 2010/08/04 v1.0 xml request logger
\lrq@indent=\count289
 (D:\MikTex\tex/latex/logreq\logreq.def
File: logreq.def 2010/08/04 v1.0 logreq spec v1.0
)) (D:\MikTex\tex/latex/base\ifthen.sty
Package: ifthen 2014/09/29 v1.1c Standard LaTeX ifthen package (DPC)
) (D:\MikTex\tex/latex/url\url.sty
\Urlmuskip=\muskip16
Package: url 2013/09/16  ver 3.4  Verb mode for urls, etc.
)
\c@tabx@nest=\count290
\c@listtotal=\count291
\c@listcount=\count292
\c@liststart=\count293
\c@liststop=\count294
\c@citecount=\count295
\c@citetotal=\count296
\c@multicitecount=\count297
\c@multicitetotal=\count298
\c@instcount=\count299
\c@maxnames=\count300
\c@minnames=\count301
\c@maxitems=\count302
\c@minitems=\count303
\c@citecounter=\count304
\c@maxcitecounter=\count305
\c@savedcitecounter=\count306
\c@uniquelist=\count307
\c@uniquename=\count308
\c@refsection=\count309
\c@refsegment=\count310
\c@maxextratitle=\count311
\c@maxextratitleyear=\count312
\c@maxextraname=\count313
\c@maxextradate=\count314
\c@maxextraalpha=\count315
\c@abbrvpenalty=\count316
\c@highnamepenalty=\count317
\c@lownamepenalty=\count318
\c@maxparens=\count319
\c@parenlevel=\count320
\blx@tempcnta=\count321
\blx@tempcntb=\count322
\blx@tempcntc=\count323
\blx@maxsection=\count324
\blx@maxsegment@0=\count325
\blx@notetype=\count326
\blx@parenlevel@text=\count327
\blx@parenlevel@foot=\count328
\blx@sectionciteorder@0=\count329
\blx@entrysetcounter=\count330
\blx@biblioinstance=\count331
\labelnumberwidth=\skip60
\labelalphawidth=\skip61
\biblabelsep=\skip62
\bibitemsep=\skip63
\bibnamesep=\skip64
\bibinitsep=\skip65
\bibparsep=\skip66
\bibhang=\skip67
\blx@bcfin=\read3
\blx@bcfout=\write3
\blx@langwohyphens=\language80
\c@mincomprange=\count332
\c@maxcomprange=\count333
\c@mincompwidth=\count334
Package biblatex Info: Trying to load biblatex default data model...
Package biblatex Info: ... file 'blx-dm.def' found.

(D:\MikTex\tex/latex/biblatex\blx-dm.def
File: blx-dm.def 2020/12/31 v3.16 biblatex localization (PK/MW)
)
Package biblatex Info: Trying to load biblatex style data model...
Package biblatex Info: ... file 'authoryear.dbx' not found.
Package biblatex Info: Trying to load biblatex custom data model...
Package biblatex Info: ... file 'biblatex-dm.cfg' not found.
\c@afterword=\count335
\c@savedafterword=\count336
\c@annotator=\count337
\c@savedannotator=\count338
\c@author=\count339
\c@savedauthor=\count340
\c@bookauthor=\count341
\c@savedbookauthor=\count342
\c@commentator=\count343
\c@savedcommentator=\count344
\c@editor=\count345
\c@savededitor=\count346
\c@editora=\count347
\c@savededitora=\count348
\c@editorb=\count349
\c@savededitorb=\count350
\c@editorc=\count351
\c@savededitorc=\count352
\c@foreword=\count353
\c@savedforeword=\count354
\c@holder=\count355
\c@savedholder=\count356
\c@introduction=\count357
\c@savedintroduction=\count358
\c@namea=\count359
\c@savednamea=\count360
\c@nameb=\count361
\c@savednameb=\count362
\c@namec=\count363
\c@savednamec=\count364
\c@translator=\count365
\c@savedtranslator=\count366
\c@shortauthor=\count367
\c@savedshortauthor=\count368
\c@shorteditor=\count369
\c@savedshorteditor=\count370
\c@labelname=\count371
\c@savedlabelname=\count372
\c@institution=\count373
\c@savedinstitution=\count374
\c@lista=\count375
\c@savedlista=\count376
\c@listb=\count377
\c@savedlistb=\count378
\c@listc=\count379
\c@savedlistc=\count380
\c@listd=\count381
\c@savedlistd=\count382
\c@liste=\count383
\c@savedliste=\count384
\c@listf=\count385
\c@savedlistf=\count386
\c@location=\count387
\c@savedlocation=\count388
\c@organization=\count389
\c@savedorganization=\count390
\c@origlocation=\count391
\c@savedoriglocation=\count392
\c@origpublisher=\count393
\c@savedorigpublisher=\count394
\c@publisher=\count395
\c@savedpublisher=\count396
\c@language=\count397
\c@savedlanguage=\count398
\c@origlanguage=\count399
\c@savedoriglanguage=\count400
\c@pageref=\count401
\c@savedpageref=\count402
\shorthandwidth=\skip68
\shortjournalwidth=\skip69
\shortserieswidth=\skip70
\shorttitlewidth=\skip71
\shortauthorwidth=\skip72
\shorteditorwidth=\skip73
\locallabelnumberwidth=\skip74
\locallabelalphawidth=\skip75
\localshorthandwidth=\skip76
\localshortjournalwidth=\skip77
\localshortserieswidth=\skip78
\localshorttitlewidth=\skip79
\localshortauthorwidth=\skip80
\localshorteditorwidth=\skip81
Package biblatex Info: Trying to load compatibility code...
Package biblatex Info: ... file 'blx-compat.def' found.

(D:\MikTex\tex/latex/biblatex\blx-compat.def
File: blx-compat.def 2020/12/31 v3.16 biblatex compatibility (PK/MW)
)
Package biblatex Info: Trying to load BibTeX backend compatibility...
Package biblatex Info: ... file 'blx-bibtex.def' found.

(D:\MikTex\tex/latex/biblatex\blx-bibtex.def)
Package biblatex Info: Trying to load generic definitions...
Package biblatex Info: ... file 'biblatex.def' found.

(D:\MikTex\tex/latex/biblatex\biblatex.def
File: biblatex.def 2020/12/31 v3.16 biblatex compatibility (PK/MW)
\c@textcitecount=\count403
\c@textcitetotal=\count404
\c@textcitemaxnames=\count405
\c@biburlbigbreakpenalty=\count406
\c@biburlbreakpenalty=\count407
\c@biburlnumpenalty=\count408
\c@biburlucpenalty=\count409
\c@biburllcpenalty=\count410
\biburlbigskip=\muskip17
\biburlnumskip=\muskip18
\biburlucskip=\muskip19
\biburllcskip=\muskip20
\c@smartand=\count411
)
Package biblatex Info: Trying to load natbib compatibility...
Package biblatex Info: ... file 'blx-natbib.def' found.

(D:\MikTex\tex/latex/biblatex\blx-natbib.def
File: blx-natbib.def 2020/12/31 v3.16 biblatex compatibility (PK/MW)
Package biblatex Info: Delimiter 'nameyeardelim' in context '' already defined,
 overwriting.
)
Package biblatex Info: Trying to load bibliography style 'authoryear'...
Package biblatex Info: ... file 'authoryear.bbx' found.

(D:\MikTex\tex/latex/biblatex/bbx\authoryear.bbx
File: authoryear.bbx 2020/12/31 v3.16 biblatex bibliography style (PK/MW)
Package biblatex Info: Trying to load bibliography style 'standard'...
Package biblatex Info: ... file 'standard.bbx' found.

(D:\MikTex\tex/latex/biblatex/bbx\standard.bbx
File: standard.bbx 2020/12/31 v3.16 biblatex bibliography style (PK/MW)
\c@bbx:relatedcount=\count412
\c@bbx:relatedtotal=\count413
))
Package biblatex Info: Trying to load citation style 'authoryear'...
Package biblatex Info: ... file 'authoryear.cbx' found.

(D:\MikTex\tex/latex/biblatex/cbx\authoryear.cbx
File: authoryear.cbx 2020/12/31 v3.16 biblatex citation style (PK/MW)
Package biblatex Info: Redefining '\cite'.
Package biblatex Info: Redefining '\parencite'.
Package biblatex Info: Redefining '\footcite'.
Package biblatex Info: Redefining '\footcitetext'.
Package biblatex Info: Redefining '\smartcite'.
Package biblatex Info: Redefining '\textcite'.
Package biblatex Info: Redefining '\textcites'.
)
Package biblatex Info: Trying to load configuration file...
Package biblatex Info: ... file 'biblatex.cfg' found.

(D:\MikTex\tex/latex/biblatex\biblatex.cfg
File: biblatex.cfg 
))
(D:\MikTex\tex/latex/tablefootnote\tablefootnote.sty
Package: tablefootnote 2014/01/26 v1.1c Table foot notes (HMM)

(D:\MikTex\tex/latex/letltxmacro\letltxmacro.sty
Package: letltxmacro 2019/12/03 v1.6 Let assignment for LaTeX macros (HO)
)
(D:\MikTex\tex/latex/xifthen\xifthen.sty
Package: xifthen 2015/11/05 v1.4.0 Extended ifthen features

(D:\MikTex\tex/latex/latex-tools\calc.sty
Package: calc 2017/05/25 v4.3 Infix arithmetic (KKT,FJ)
\calc@Acount=\count414
\calc@Bcount=\count415
\calc@Adimen=\dimen186
\calc@Bdimen=\dimen187
\calc@Askip=\skip82
\calc@Bskip=\skip83
LaTeX Info: Redefining \setlength on input line 80.
LaTeX Info: Redefining \addtolength on input line 81.
\calc@Ccount=\count416
\calc@Cskip=\skip84
)
(D:\MikTex\tex/latex/ifmtarg\ifmtarg.sty
Package: ifmtarg 2018/04/16 v1.2b check for an empty argument
)))
(D:\MikTex\tex/latex/csquotes\csquotes.sty
Package: csquotes 2021-02-22 v5.2l context-sensitive quotations (JAW)
\csq@reset=\count417
\csq@gtype=\count418
\csq@glevel=\count419
\csq@qlevel=\count420
\csq@maxlvl=\count421
\csq@tshold=\count422
\csq@ltx@everypar=\toks22

(D:\MikTex\tex/latex/csquotes\csquotes.def
File: csquotes.def 2021-02-22 v5.2l csquotes generic definitions (JAW)
)
Package csquotes Info: Trying to load configuration file 'csquotes.cfg'...
Package csquotes Info: ... configuration file loaded successfully.

(D:\MikTex\tex/latex/csquotes\csquotes.cfg
File: csquotes.cfg 
)
Package csquotes Info: Enabling multilingual quotes.
)
(D:\MikTex\tex/latex/hyperref\hyperref.sty
Package: hyperref 2021-02-27 v7.00k Hypertext links for LaTeX

(D:\MikTex\tex/generic/kvdefinekeys\kvdefinekeys.sty
Package: kvdefinekeys 2019-12-19 v1.6 Define keys (HO)
)
(D:\MikTex\tex/generic/pdfescape\pdfescape.sty
Package: pdfescape 2019/12/09 v1.15 Implements pdfTeX's escape features (HO)
)
(D:\MikTex\tex/latex/hycolor\hycolor.sty
Package: hycolor 2020-01-27 v1.10 Color options for hyperref/bookmark (HO)
)
(D:\MikTex\tex/latex/auxhook\auxhook.sty
Package: auxhook 2019-12-17 v1.6 Hooks for auxiliary files (HO)
)
\@linkdim=\dimen188
\Hy@linkcounter=\count423
\Hy@pagecounter=\count424

(D:\MikTex\tex/latex/hyperref\pd1enc.def
File: pd1enc.def 2021-02-27 v7.00k Hyperref: PDFDocEncoding definition (HO)
Now handling font encoding PD1 ...
... no UTF-8 mapping file for font encoding PD1
)
(D:\MikTex\tex/latex/hyperref\hyperref-langpatches.def
File: hyperref-langpatches.def 2021-02-27 v7.00k Hyperref: patches for babel la
nguages
)
(D:\MikTex\tex/generic/intcalc\intcalc.sty
Package: intcalc 2019/12/15 v1.3 Expandable calculations with integers (HO)
)
(D:\MikTex\tex/generic/etexcmds\etexcmds.sty
Package: etexcmds 2019/12/15 v1.7 Avoid name clashes with e-TeX commands (HO)
)
\Hy@SavedSpaceFactor=\count425

(D:\MikTex\tex/latex/hyperref\puenc.def
File: puenc.def 2021-02-27 v7.00k Hyperref: PDF Unicode definition (HO)
Now handling font encoding PU ...
... no UTF-8 mapping file for font encoding PU
)
Package hyperref Info: Hyper figures OFF on input line 4192.
Package hyperref Info: Link nesting OFF on input line 4197.
Package hyperref Info: Hyper index ON on input line 4200.
Package hyperref Info: Plain pages OFF on input line 4207.
Package hyperref Info: Backreferencing OFF on input line 4212.
Package hyperref Info: Implicit mode ON; LaTeX internals redefined.
Package hyperref Info: Bookmarks ON on input line 4445.
\c@Hy@tempcnt=\count426
LaTeX Info: Redefining \url on input line 4804.
\XeTeXLinkMargin=\dimen189

(D:\MikTex\tex/generic/bitset\bitset.sty
Package: bitset 2019/12/09 v1.3 Handle bit-vector datatype (HO)

(D:\MikTex\tex/generic/bigintcalc\bigintcalc.sty
Package: bigintcalc 2019/12/15 v1.5 Expandable calculations on big integers (HO
)
))
\Fld@menulength=\count427
\Field@Width=\dimen190
\Fld@charsize=\dimen191
Package hyperref Info: Hyper figures OFF on input line 6075.
Package hyperref Info: Link nesting OFF on input line 6080.
Package hyperref Info: Hyper index ON on input line 6083.
Package hyperref Info: backreferencing OFF on input line 6090.
Package hyperref Info: Link coloring OFF on input line 6095.
Package hyperref Info: Link coloring with OCG OFF on input line 6100.
Package hyperref Info: PDF/A mode OFF on input line 6105.
LaTeX Info: Redefining \ref on input line 6145.
LaTeX Info: Redefining \pageref on input line 6149.

(D:\MikTex\tex/latex/base\atbegshi-ltx.sty
Package: atbegshi-ltx 2020/08/17 v1.0a Emulation of the original atbegshi packa
ge
with kernel methods
)
\Hy@abspage=\count428
\c@Item=\count429
\c@Hfootnote=\count430
)
Package scrhack Info: hyperref hack deactivated because of
(scrhack)             detection of hyperref version, that doesn't
(scrhack)             need that hack, on input line 55.
Package hyperref Info: Driver (autodetected): hpdftex.

(D:\MikTex\tex/latex/hyperref\hpdftex.def
File: hpdftex.def 2021-02-27 v7.00k Hyperref driver for pdfTeX

(D:\MikTex\tex/latex/base\atveryend-ltx.sty
Package: atveryend-ltx 2020/08/19 v1.0a Emulation of the original atvery packag
e
with kernel methods
)
\Fld@listcount=\count431
\c@bookmark@seq@number=\count432

(D:\MikTex\tex/latex/rerunfilecheck\rerunfilecheck.sty
Package: rerunfilecheck 2019/12/05 v1.9 Rerun checks for auxiliary files (HO)

(D:\MikTex\tex/generic/uniquecounter\uniquecounter.sty
Package: uniquecounter 2019/12/15 v1.4 Provide unlimited unique counter (HO)
)
Package uniquecounter Info: New unique counter `rerunfilecheck' on input line 2
86.
)
\Hy@SectionHShift=\skip85
)
(D:\MikTex\tex/latex/fourier\fourier.sty
Package: fourier 2020/03/03 2.2 fourier-GUTenberg package
Now handling font encoding FML ...
... no UTF-8 mapping file for font encoding FML
Now handling font encoding FMS ...
... no UTF-8 mapping file for font encoding FMS
Now handling font encoding FMX ...
... no UTF-8 mapping file for font encoding FMX
 (D:\MikTex\tex/latex/base\fontenc.sty
Package: fontenc 2020/08/10 v2.0s Standard LaTeX package
LaTeX Font Info:    Trying to load font information for T1+futs on input line 1
12.

(D:\MikTex\tex/latex/fourier\t1futs.fd
File: t1futs.fd 2004/03/02 Fontinst v1.926 font definitions for T1/futs.
)) (D:\MikTex\tex/latex/base\textcomp.sty
Package: textcomp 2020/02/02 v2.0n Standard LaTeX package
) (D:\MikTex\tex/latex/fourier\fourier-orns.sty
Package: fourier-orns 2020/03/03 2.2 fourier-ornaments package
)
LaTeX Font Info:    Redeclaring symbol font `operators' on input line 63.
LaTeX Font Info:    Encoding `OT1' has changed to `T1' for symbol font
(Font)              `operators' in the math version `normal' on input line 63.
LaTeX Font Info:    Overwriting symbol font `operators' in version `normal'
(Font)                  OT1/ppl/m/n --> T1/futs/m/n on input line 63.
LaTeX Font Info:    Encoding `OT1' has changed to `T1' for symbol font
(Font)              `operators' in the math version `bold' on input line 63.
LaTeX Font Info:    Overwriting symbol font `operators' in version `bold'
(Font)                  OT1/ppl/b/n --> T1/futs/m/n on input line 63.
LaTeX Font Info:    Overwriting symbol font `operators' in version `bold'
(Font)                  T1/futs/m/n --> T1/futs/b/n on input line 64.
LaTeX Font Info:    Redeclaring symbol font `letters' on input line 72.
LaTeX Font Info:    Encoding `OML' has changed to `FML' for symbol font
(Font)              `letters' in the math version `normal' on input line 72.
LaTeX Font Info:    Overwriting symbol font `letters' in version `normal'
(Font)                  OML/zplm/m/it --> FML/futmi/m/it on input line 72.
LaTeX Font Info:    Encoding `OML' has changed to `FML' for symbol font
(Font)              `letters' in the math version `bold' on input line 72.
LaTeX Font Info:    Overwriting symbol font `letters' in version `bold'
(Font)                  OML/zplm/b/it --> FML/futmi/m/it on input line 72.
\symotherletters=\mathgroup5
LaTeX Font Info:    Overwriting symbol font `letters' in version `bold'
(Font)                  FML/futmi/m/it --> FML/futmi/b/it on input line 74.
LaTeX Font Info:    Overwriting symbol font `otherletters' in version `bold'
(Font)                  FML/futm/m/it --> FML/futm/b/it on input line 75.
LaTeX Font Info:    Redeclaring math symbol \Gamma on input line 76.
LaTeX Font Info:    Redeclaring math symbol \Delta on input line 77.
LaTeX Font Info:    Redeclaring math symbol \Theta on input line 78.
LaTeX Font Info:    Redeclaring math symbol \Lambda on input line 79.
LaTeX Font Info:    Redeclaring math symbol \Xi on input line 80.
LaTeX Font Info:    Redeclaring math symbol \Pi on input line 81.
LaTeX Font Info:    Redeclaring math symbol \Sigma on input line 82.
LaTeX Font Info:    Redeclaring math symbol \Upsilon on input line 83.
LaTeX Font Info:    Redeclaring math symbol \Phi on input line 84.
LaTeX Font Info:    Redeclaring math symbol \Psi on input line 85.
LaTeX Font Info:    Redeclaring math symbol \Omega on input line 86.
LaTeX Font Info:    Redeclaring symbol font `symbols' on input line 126.
LaTeX Font Info:    Encoding `OMS' has changed to `FMS' for symbol font
(Font)              `symbols' in the math version `normal' on input line 126.
LaTeX Font Info:    Overwriting symbol font `symbols' in version `normal'
(Font)                  OMS/zplm/m/n --> FMS/futm/m/n on input line 126.
LaTeX Font Info:    Encoding `OMS' has changed to `FMS' for symbol font
(Font)              `symbols' in the math version `bold' on input line 126.
LaTeX Font Info:    Overwriting symbol font `symbols' in version `bold'
(Font)                  OMS/zplm/b/n --> FMS/futm/m/n on input line 126.
LaTeX Font Info:    Redeclaring symbol font `largesymbols' on input line 127.
LaTeX Font Info:    Encoding `OMX' has changed to `FMX' for symbol font
(Font)              `largesymbols' in the math version `normal' on input line 1
27.
LaTeX Font Info:    Overwriting symbol font `largesymbols' in version `normal'
(Font)                  OMX/zplm/m/n --> FMX/futm/m/n on input line 127.
LaTeX Font Info:    Encoding `OMX' has changed to `FMX' for symbol font
(Font)              `largesymbols' in the math version `bold' on input line 127
.
LaTeX Font Info:    Overwriting symbol font `largesymbols' in version `bold'
(Font)                  OMX/zplm/m/n --> FMX/futm/m/n on input line 127.
LaTeX Font Info:    Redeclaring math alphabet \mathbf on input line 128.
LaTeX Font Info:    Overwriting math alphabet `\mathbf' in version `normal'
(Font)                  OT1/zplm/b/n --> T1/futs/bx/n on input line 128.
LaTeX Font Info:    Overwriting math alphabet `\mathbf' in version `bold'
(Font)                  OT1/zplm/b/n --> T1/futs/bx/n on input line 128.
LaTeX Font Info:    Redeclaring math alphabet \mathrm on input line 129.
LaTeX Font Info:    Redeclaring math alphabet \mathit on input line 130.
LaTeX Font Info:    Overwriting math alphabet `\mathit' in version `normal'
(Font)                  OT1/ppl/m/it --> T1/futs/m/it on input line 130.
LaTeX Font Info:    Overwriting math alphabet `\mathit' in version `bold'
(Font)                  OT1/ppl/b/it --> T1/futs/m/it on input line 130.
LaTeX Font Info:    Redeclaring math alphabet \mathcal on input line 131.
LaTeX Font Info:    Redeclaring math symbol \parallel on input line 147.
LaTeX Font Info:    Redeclaring math symbol \hbar on input line 161.
LaTeX Font Info:    Redeclaring math symbol \varkappa on input line 199.
LaTeX Font Info:    Redeclaring math symbol \varvarrho on input line 200.
LaTeX Font Info:    Redeclaring math delimiter \Vert on input line 223.
LaTeX Font Info:    Redeclaring math delimiter \vert on input line 228.
LaTeX Font Info:    Redeclaring math delimiter \Downarrow on input line 238.
LaTeX Font Info:    Redeclaring math delimiter \backslash on input line 240.
LaTeX Font Info:    Redeclaring math delimiter \rangle on input line 242.
LaTeX Font Info:    Redeclaring math delimiter \langle on input line 244.
LaTeX Font Info:    Redeclaring math delimiter \rbrace on input line 246.
LaTeX Font Info:    Redeclaring math delimiter \lbrace on input line 248.
LaTeX Font Info:    Redeclaring math delimiter \rceil on input line 250.
LaTeX Font Info:    Redeclaring math delimiter \lceil on input line 252.
LaTeX Font Info:    Redeclaring math delimiter \rfloor on input line 254.
LaTeX Font Info:    Redeclaring math delimiter \lfloor on input line 256.
LaTeX Font Info:    Redeclaring math accent \acute on input line 260.
LaTeX Font Info:    Redeclaring math accent \grave on input line 261.
LaTeX Font Info:    Redeclaring math accent \ddot on input line 262.
LaTeX Font Info:    Redeclaring math accent \tilde on input line 263.
LaTeX Font Info:    Redeclaring math accent \bar on input line 264.
LaTeX Font Info:    Redeclaring math accent \breve on input line 265.
LaTeX Font Info:    Redeclaring math accent \check on input line 266.
LaTeX Font Info:    Redeclaring math accent \hat on input line 267.
LaTeX Font Info:    Redeclaring math accent \dot on input line 268.
LaTeX Font Info:    Redeclaring math accent \mathring on input line 269.
\symUfutm=\mathgroup6
)
(D:\MikTex\tex/latex/makecell\makecell.sty
Package: makecell 2009/08/03 V0.1e Managing of Tab Column Heads and Cells
\rotheadsize=\dimen192
\c@nlinenum=\count433
\TeXr@lab=\toks23
)
Package hyperref Info: Option `bookmarksopen' set `true' on input line 103.
Package hyperref Info: Option `hypertexnames' set `false' on input line 103.
Package hyperref Info: Option `colorlinks' set `true' on input line 103.
Package hyperref Info: Option `unicode' set `true' on input line 103.
Package hyperref Info: Option `breaklinks' set `true' on input line 103.
Package csquotes Info: Checking for multilingual support...
Package csquotes Info: ... found 'babel' package.
 (main.aux (Chapters/Chapter1.aux)
(Chapters/Chapter2.aux) (Chapters/Chapter3.aux) (Chapters/Chapter4.aux)
(Chapters/Chapter5.aux) (Appendices/AppendixA.aux

LaTeX Warning: Label `fig:summary_CNN_pred_syn' multiply defined.


LaTeX Warning: Label `fig:summary_GRU_pred_syn' multiply defined.

))
\openout1 = `main.aux'.

LaTeX Font Info:    Checking defaults for OML/cmm/m/it on input line 103.
LaTeX Font Info:    ... okay on input line 103.
LaTeX Font Info:    Checking defaults for OMS/cmsy/m/n on input line 103.
LaTeX Font Info:    ... okay on input line 103.
LaTeX Font Info:    Checking defaults for OT1/cmr/m/n on input line 103.
LaTeX Font Info:    ... okay on input line 103.
LaTeX Font Info:    Checking defaults for T1/cmr/m/n on input line 103.
LaTeX Font Info:    ... okay on input line 103.
LaTeX Font Info:    Checking defaults for TS1/cmr/m/n on input line 103.
LaTeX Font Info:    ... okay on input line 103.
LaTeX Font Info:    Checking defaults for OMX/cmex/m/n on input line 103.
LaTeX Font Info:    ... okay on input line 103.
LaTeX Font Info:    Checking defaults for U/cmr/m/n on input line 103.
LaTeX Font Info:    ... okay on input line 103.
LaTeX Font Info:    Checking defaults for PD1/pdf/m/n on input line 103.
LaTeX Font Info:    ... okay on input line 103.
LaTeX Font Info:    Checking defaults for PU/pdf/m/n on input line 103.
LaTeX Font Info:    ... okay on input line 103.
LaTeX Font Info:    Checking defaults for FML/futm/m/it on input line 103.
LaTeX Font Info:    Trying to load font information for FML+futm on input line 
103.
 (D:\MikTex\tex/latex/fourier\fmlfutm.fd
File: fmlfutm.fd 2004/10/30 Fontinst v1.926 font definitions for FML/futm.
)
LaTeX Font Info:    ... okay on input line 103.
LaTeX Font Info:    Checking defaults for FMS/futm/m/n on input line 103.
LaTeX Font Info:    Trying to load font information for FMS+futm on input line 
103.

(D:\MikTex\tex/latex/fourier\fmsfutm.fd
File: fmsfutm.fd 2004/10/30 Fontinst v1.926 font definitions for FMS/futm.
)
LaTeX Font Info:    ... okay on input line 103.
LaTeX Font Info:    Checking defaults for FMX/futm/m/n on input line 103.
LaTeX Font Info:    Trying to load font information for FMX+futm on input line 
103.

(D:\MikTex\tex/latex/fourier\fmxfutm.fd
File: fmxfutm.fd futm-extension
)
LaTeX Font Info:    ... okay on input line 103.

(D:\MikTex\tex/latex/siunitx\siunitx-abbreviations.cfg
File: siunitx-abbreviations.cfg 2017/11/26 v2.7k siunitx: Abbreviated units
)
(D:\MikTex\tex/latex/translator\translator-basic-dictionary-English.dict
Dictionary: translator-basic-dictionary, Language: English 
)
(D:\MikTex\tex/context/base/mkii\supp-pdf.mkii
[Loading MPS to PDF converter (version 2006.09.02).]
\scratchcounter=\count434
\scratchdimen=\dimen193
\scratchbox=\box61
\nofMPsegments=\count435
\nofMParguments=\count436
\everyMPshowfont=\toks24
\MPscratchCnt=\count437
\MPscratchDim=\dimen194
\MPnumerator=\count438
\makeMPintoPDFobject=\count439
\everyMPtoPDFconversion=\toks25
) (D:\MikTex\tex/latex/epstopdf-pkg\epstopdf-base.sty
Package: epstopdf-base 2020-01-24 v2.11 Base part for package epstopdf
Package epstopdf-base Info: Redefining graphics rule for `.eps' on input line 4
85.

(D:\MikTex\tex/latex/00miktex\epstopdf-sys.cfg
File: epstopdf-sys.cfg 2021/03/18 v2.0 Configuration of epstopdf for MiKTeX
))
Package caption Info: Begin \AtBeginDocument code.
Package caption Info: hyperref package is loaded.
Package caption Info: End \AtBeginDocument code.

*geometry* driver: auto-detecting
*geometry* detected driver: pdftex
*geometry* verbose mode - [ preamble ] result:
* driver: pdftex
* paper: a4paper
* layout: <same size as paper>
* layoutoffset:(h,v)=(0.0pt,0.0pt)
* bindingoffset: 14.22636pt
* modes: includehead includefoot twoside 
* h-part:(L,W,R)=(71.13188pt, 404.02908pt, 108.12054pt)
* v-part:(T,H,B)=(42.67912pt, 759.6886pt, 42.67912pt)
* \paperwidth=597.50787pt
* \paperheight=845.04684pt
* \textwidth=404.02908pt
* \textheight=693.07988pt
* \oddsidemargin=13.08826pt
* \evensidemargin=35.85056pt
* \topmargin=-29.59087pt
* \headheight=19.27197pt
* \headsep=19.8738pt
* \topskip=11.0pt
* \footskip=27.46295pt
* \marginparwidth=116.0pt
* \marginparsep=7.0pt
* \columnsep=10.0pt
* \skip\footins=10.0pt plus 4.0pt minus 2.0pt
* \hoffset=0.0pt
* \voffset=0.0pt
* \mag=1000
* \@twocolumnfalse
* \@twosidetrue
* \@mparswitchtrue
* \@reversemarginfalse
* (1in=72.27pt=25.4mm, 1cm=28.453pt)

Package scrlayer Info: Setting magic \footheight to \baselineskip while
(scrlayer)             \begin{document} on input line 103.
Package scrbase Info: activating english \abbrevname on input line 103.
Package scrbase Info: activating english \byname on input line 103.
Package scrbase Info: activating english \acknowledgementname on input line 103
.
Package scrbase Info: activating english \authorshipname on input line 103.
Package scrbase Info: activating english \constantsname on input line 103.
Package scrbase Info: activating english \symbolsname on input line 103.
\big@size=\dimen195
Package biblatex Info: Trying to load language 'english'...
Package biblatex Info: ... file 'english.lbx' found.
(D:\MikTex\tex/latex/biblatex/lbx\english.lbx
File: english.lbx 2020/12/31 v3.16 biblatex localization (PK/MW)
)
Package biblatex Info: Input encoding 'utf8' detected.
Package biblatex Info: Automatic encoding selection.
(biblatex)             Assuming data encoding 'utf8'.
Package biblatex Info: Document encoding is UTF8 ....
Package biblatex Info: ... and expl3
(biblatex)             2021-02-18 L3 programming layer (loader) 
(biblatex)             is new enough (at least 2020/04/06),
(biblatex)             setting 'casechanger=expl3'.

(D:\MikTex\tex/latex/biblatex\blx-case-expl3.sty
Package: blx-case-expl3 2020/12/31 v3.16 expl3 case changing code for biblatex
)
\openout3 = `main.bcf'.

Package biblatex Info: Trying to load bibliographic data...
Package biblatex Info: ... file 'main.bbl' found.
 (main.bbl

Package biblatex Warning: The following entry could not be found
(biblatex)                in the database:
(biblatex)                own
(biblatex)                Please verify the spelling and rerun
(biblatex)                LaTeX afterwards.

)
Package biblatex Info: Reference section=0 on input line 103.
Package biblatex Info: Reference segment=0 on input line 103.
Package hyperref Info: Link coloring ON on input line 103.
 (D:\MikTex\tex/latex/hyperref\nameref.sty
Package: nameref 2021-04-02 v2.47 Cross-referencing by name of section

(D:\MikTex\tex/latex/refcount\refcount.sty
Package: refcount 2019/12/15 v3.6 Data extraction from label references (HO)
)
(D:\MikTex\tex/generic/gettitlestring\gettitlestring.sty
Package: gettitlestring 2019/12/15 v1.6 Cleanup title references (HO)
)
\c@section@level=\count440
)
LaTeX Info: Redefining \ref on input line 103.
LaTeX Info: Redefining \pageref on input line 103.
LaTeX Info: Redefining \nameref on input line 103.
 (main.out) (main.out)
\@outlinefile=\write4
\openout4 = `main.out'.

LaTeX Font Info:    Trying to load font information for FML+futmi on input line
 103.
 (D:\MikTex\tex/latex/fourier\fmlfutmi.fd
File: fmlfutmi.fd 2004/10/30 Fontinst v1.926 font definitions for FML/futmi.
)
LaTeX Font Info:    Font shape `FMX/futm/m/n' will be
(Font)              scaled to size 10.07397pt on input line 103.
LaTeX Font Info:    Font shape `FMX/futm/m/n' will be
(Font)              scaled to size 7.63599pt on input line 103.
LaTeX Font Info:    Font shape `FMX/futm/m/n' will be
(Font)              scaled to size 5.51999pt on input line 103.
LaTeX Font Info:    Trying to load font information for OT1+zplm on input line 
103.

(D:\MikTex\tex/latex/psnfss\ot1zplm.fd
File: ot1zplm.fd 2002/09/08 Fontinst v1.914 font definitions for OT1/zplm.
)
LaTeX Font Info:    Font shape `U/futm/m/n' will be
(Font)              scaled to size 10.07397pt on input line 103.
LaTeX Font Info:    Font shape `U/futm/m/n' will be
(Font)              scaled to size 7.63599pt on input line 103.
LaTeX Font Info:    Font shape `U/futm/m/n' will be
(Font)              scaled to size 5.51999pt on input line 103.

1: section

Package hyperref Warning: Suppressing link with empty target on input line 129.



Package hyperref Warning: Suppressing link with empty target on input line 135.


[1



{C:/Users/Kevin.Saner/AppData/Local/MiKTeX/pdftex/config/pdftex.map}]
[2

]
--------------------
 Declaration of Authorship
--------------------
LaTeX Font Info:    Trying to load font information for TS1+futs on input line 
163.
(D:\MikTex\tex/latex/fourier\ts1futs.fd
File: ts1futs.fd 2003/09/14 Fontinst v1.801 font definitions for TS1/futs.
)
Overfull \hbox (2.67442pt too wide) in paragraph at lines 165--166
[]\T1/futs/m/n/10.95 Where I have con-sulted the pub-lished work of oth-ers, th
is is al-ways clearly at-tributed. 
 []


Underfull \hbox (badness 10000) in paragraph at lines 168--169

 []

1: section
[3] [4

] [5] [6

]
--------------------
 Abstract
--------------------

Package hyperref Warning: Suppressing empty link on input line 195.

1: section
[7] [8

] (main.toc
1: section
[9] [10])
\tf@toc=\write5
\openout5 = `main.toc'.

 [11] [12

] (main.lof)
\tf@lof=\write6
\openout6 = `main.lof'.


1: section
[13] [14

] (main.lot)
\tf@lot=\write7
\openout7 = `main.lot'.


1: section
[15] [16

]
1: section
[17] [18

]
1: section
\openout2 = `Chapters/Chapter1.aux'.

(Chapters/Chapter1.tex
Chapter 1.
1: section
[1


] [2]
Overfull \hbox (0.75133pt too wide) in paragraph at lines 55--56
\T1/futs/m/n/10.95 usu-ally re-ceives sep-a-rately weighted in-puts which it su
ms. The sum is then passed through
 []

<Figures/layers.png, id=684, 732.7375pt x 495.8525pt>
File: Figures/layers.png Graphic file (type png)
<use Figures/layers.png>
Package pdftex.def Info: Figures/layers.png  used on input line 63.
(pdftex.def)             Requested size: 219.82294pt x 148.7569pt.
[3 <./Figures/layers.png>]
Overfull \hbox (9.4311pt too wide) in paragraph at lines 87--88
\T1/futs/m/n/10.95 such as un-seg-mented, con-nected hand-writ-ing recog-ni-tio
n, speech recog-ni-tion and anomaly
 []

[4]
<Figures/LSTM.jpg, id=712, 547.2947pt x 575.14874pt>
File: Figures/LSTM.jpg Graphic file (type jpg)
<use Figures/LSTM.jpg>
Package pdftex.def Info: Figures/LSTM.jpg  used on input line 101.
(pdftex.def)             Requested size: 273.64667pt x 287.57367pt.
<Figures/filter.png, id=718, 330.37714pt x 175.51286pt>
File: Figures/filter.png Graphic file (type png)
<use Figures/filter.png>
Package pdftex.def Info: Figures/filter.png  used on input line 117.
(pdftex.def)             Requested size: 231.2624pt x 122.85815pt.
 [5 <./Figures/LSTM.jpg> <./Figures/filter.png>]
<Figures/pooling.png, id=732, 1330.9725pt x 481.8pt>
File: Figures/pooling.png Graphic file (type png)
<use Figures/pooling.png>
Package pdftex.def Info: Figures/pooling.png  used on input line 128.
(pdftex.def)             Requested size: 266.18979pt x 96.35829pt.

Underfull \hbox (badness 10000) in paragraph at lines 136--137

 []

[6 <./Figures/pooling.png (PNG copy)>] [7]) [8]
\openout2 = `Chapters/Chapter2.aux'.

 (Chapters/Chapter2.tex
Chapter 2.

Underfull \hbox (badness 10000) in paragraph at lines 13--14

 []


Underfull \hbox (badness 10000) in paragraph at lines 15--17

 []


Underfull \hbox (badness 10000) in paragraph at lines 18--20

 []


Underfull \hbox (badness 10000) in paragraph at lines 21--22

 []


Underfull \hbox (badness 10000) in paragraph at lines 23--24

 []


Underfull \hbox (badness 10000) in paragraph at lines 25--26

 []

1: section
[9




] [10]
<Figures/CNN.png, id=789, 1098.35344pt x 338.76563pt>
File: Figures/CNN.png Graphic file (type png)
<use Figures/CNN.png>
Package pdftex.def Info: Figures/CNN.png  used on input line 132.
(pdftex.def)             Requested size: 439.3336pt x 135.50385pt.

Overfull \hbox (35.30452pt too wide) in paragraph at lines 132--134
 [][] 
 []

[11 <./Figures/CNN.png>]
LaTeX Font Info:    Font shape `FMX/futm/m/n' will be
(Font)              scaled to size 8.27998pt on input line 153.
LaTeX Font Info:    Font shape `FMX/futm/m/n' will be
(Font)              scaled to size 6.99199pt on input line 153.
LaTeX Font Info:    Font shape `U/futm/m/n' will be
(Font)              scaled to size 8.27998pt on input line 153.
LaTeX Font Info:    Font shape `U/futm/m/n' will be
(Font)              scaled to size 6.99199pt on input line 153.
 [12]
<Figures/MC-DCNN.png, id=812, 1184.92688pt x 673.76718pt>
File: Figures/MC-DCNN.png Graphic file (type png)
<use Figures/MC-DCNN.png>
Package pdftex.def Info: Figures/MC-DCNN.png  used on input line 196.
(pdftex.def)             Requested size: 414.73062pt x 235.82204pt.

Overfull \hbox (10.70154pt too wide) in paragraph at lines 196--198
 [][] 
 []


LaTeX Warning: `h' float specifier changed to `ht'.


Overfull \hbox (3.40071pt too wide) in paragraph at lines 203--205
\T1/futs/m/n/10.95 more ro-bust high-level fea-tures. Fur-ther, the MC-DCNN ar-
chi-tec-ture per-forms much faster
 []

[13]
<Figures/U-Net.png, id=825, 1208.26407pt x 430.60875pt>
File: Figures/U-Net.png Graphic file (type png)
<use Figures/U-Net.png>
Package pdftex.def Info: Figures/U-Net.png  used on input line 211.
(pdftex.def)             Requested size: 386.6524pt x 137.7976pt.


LaTeX Warning: `h' float specifier changed to `ht'.

[14 <./Figures/MC-DCNN.png>] [15 <./Figures/U-Net.png>]
<Figures/Synthetic Time Series.png, id=844, 798.73407pt x 855.94781pt>
File: Figures/Synthetic Time Series.png Graphic file (type png)
<use Figures/Synthetic Time Series.png>
Package pdftex.def Info: Figures/Synthetic Time Series.png  used on input line 
241.
(pdftex.def)             Requested size: 255.60013pt x 273.90889pt.
 [16 <./Figures/Synthetic Time Series.png>]
Overfull \hbox (0.54945pt too wide) in paragraph at lines 261--262
\T1/futs/m/n/10.95 mark, to com-pare the ob-tained re-sults a lo-gis-tic re-gre
s-sion (LR) and a RNN clas-si-fier (RNN-
 []

[17]
<Figures/ROC.png, id=867, 436.63126pt x 348.55219pt>
File: Figures/ROC.png Graphic file (type png)
<use Figures/ROC.png>
Package pdftex.def Info: Figures/ROC.png  used on input line 289.
(pdftex.def)             Requested size: 174.6494pt x 139.4184pt.

Overfull \hbox (1.16371pt too wide) in paragraph at lines 296--297
\T1/futs/m/n/10.95 It mea-sures the qual-ity of the model's pre-dic-tions ir-re
-spec-tive of what clas-si-fi-ca-tion thresh-
 []

[18 <./Figures/ROC.png>]) [19] [20]
\openout2 = `Chapters/Chapter3.aux'.

 (Chapters/Chapter3.tex
Chapter 3.

Underfull \hbox (badness 10000) in paragraph at lines 9--12

 []

<Figures/Thesis Map.png, id=894, 689.57625pt x 443.40656pt>
File: Figures/Thesis Map.png Graphic file (type png)
<use Figures/Thesis Map.png>
Package pdftex.def Info: Figures/Thesis Map.png  used on input line 25.
(pdftex.def)             Requested size: 344.78728pt x 221.70273pt.

LaTeX Warning: `h' float specifier changed to `ht'.

1: section
[21




] [22 <./Figures/Thesis Map.png>]
Overfull \hbox (5.31369pt too wide) in paragraph at lines 48--49
\T1/futs/m/n/10.95 Part [][]2[][] Re-lated Lit-er-a-ture showed that there are 
var-i-ous ap-proaches on how to de-tect anoma-
 []

[23]) [24]
\openout2 = `Chapters/Chapter4.aux'.

 (Chapters/Chapter4.tex
Chapter 4.

LaTeX Warning: Citation 'YEAR' on page 25 undefined on input line 18.


Overfull \hbox (13.18697pt too wide) in paragraph at lines 21--22
[]\T1/futs/b/n/10.95 Triviality: \T1/futs/m/n/10.95 Sur-pris-ingly, a siz-able 
pro-por-tion of the prob-lems in the bench-mark datasets
 []

1: section
[25




]
Underfull \hbox (badness 10000) in paragraph at lines 27--29

 []


LaTeX Warning: Citation 'YEAR' on page 26 undefined on input line 30.

<Figures/series_anomaly.png, id=931, 438.8897pt x 315.42844pt>
File: Figures/series_anomaly.png Graphic file (type png)
<use Figures/series_anomaly.png>
Package pdftex.def Info: Figures/series_anomaly.png  used on input line 34.
(pdftex.def)             Requested size: 263.33585pt x 189.25851pt.

LaTeX Warning: Citation 'Foorthuis' on page 26 undefined on input line 36.


LaTeX Warning: Citation 'Foorthuis' on page 26 undefined on input line 36.

[26 <./Figures/series_anomaly.png>]
Overfull \hbox (8.6754pt too wide) in paragraph at lines 63--64
\T1/futs/m/n/10.95 The su-per-vised learn-ing ap-proach refers to train-ing the
 neu-ral net-work on a la-belled dataset.
 []

[27]

LaTeX Warning: Citation 'AUTHOR' on page 28 undefined on input line 79.


LaTeX Warning: Citation 'YEAR' on page 28 undefined on input line 79.

[28]) [29]
\openout2 = `Chapters/Chapter5.aux'.

 (Chapters/Chapter5.tex [30




]
Chapter 5.
<Figures/synthetic data.png, id=960, 507.39563pt x 465.99094pt>
File: Figures/synthetic data.png Graphic file (type png)
<use Figures/synthetic data.png>
Package pdftex.def Info: Figures/synthetic data.png  used on input line 11.
(pdftex.def)             Requested size: 355.17451pt x 326.19142pt.
1: section
[31 <./Figures/synthetic data.png>]
<Figures/Anomalies.png, id=968, 612.78937pt x 439.6425pt>
File: Figures/Anomalies.png Graphic file (type png)
<use Figures/Anomalies.png>
Package pdftex.def Info: Figures/Anomalies.png  used on input line 21.
(pdftex.def)             Requested size: 428.94963pt x 307.74765pt.

Overfull \hbox (24.92055pt too wide) in paragraph at lines 21--23
 [][] 
 []


LaTeX Warning: `h' float specifier changed to `ht'.

[32 <./Figures/Anomalies.png>] [33] [34]
<Figures/temp_dataset.png, id=991, 409.53pt x 411.03563pt>
File: Figures/temp_dataset.png Graphic file (type png)
<use Figures/temp_dataset.png>
Package pdftex.def Info: Figures/temp_dataset.png  used on input line 120.
(pdftex.def)             Requested size: 245.7199pt x 246.62328pt.


LaTeX Warning: Citation 'Own or UCI???' on page 35 undefined on input line 122.



LaTeX Warning: Citation 'Own or UCI???' on page 35 undefined on input line 122.


[35 <./Figures/temp_dataset.png>]
Overfull \hbox (0.14542pt too wide) in paragraph at lines 130--131
\T1/futs/m/n/10.95 type level shift, de-viant cy-cles, vari-a-ton change and di
stribution-based ag-gre-gate anomaly.
 []

<Figures/temp_anomalies.png, id=998, 508.14844pt x 562.35094pt>
File: Figures/temp_anomalies.png Graphic file (type png)
<use Figures/temp_anomalies.png>
Package pdftex.def Info: Figures/temp_anomalies.png  used on input line 134.
(pdftex.def)             Requested size: 355.70148pt x 393.64297pt.

LaTeX Warning: Citation 'Own' on page 36 undefined on input line 136.


LaTeX Warning: Citation 'Own' on page 36 undefined on input line 136.

[36 <./Figures/temp_anomalies.png>] [37]

Package hyperref Warning: Difference (2) between bookmark levels is greater 
(hyperref)                than one, level fixed on input line 229.

<Figures/GHL_data.png, id=1010, 581.92406pt x 657.2053pt>
File: Figures/GHL_data.png Graphic file (type png)
<use Figures/GHL_data.png>
Package pdftex.def Info: Figures/GHL_data.png  used on input line 235.
(pdftex.def)             Requested size: 407.34407pt x 460.04057pt.

Overfull \hbox (3.31499pt too wide) in paragraph at lines 235--237
 [][] 
 []


LaTeX Warning: Citation 'Own' on page 38 undefined on input line 237.


LaTeX Warning: Citation 'Own' on page 38 undefined on input line 237.


LaTeX Warning: `h' float specifier changed to `ht'.

) [38] [39 <./Figures/GHL_data.png>]
\openout2 = `Appendices/AppendixA.aux'.

 (Appendices/AppendixA.tex [40




]
Appendix A.


pdfTeX warning: pdflatex.exe (file ./Figures/summary_CNN_class_syn.pdf): PDF in
clusion: found PDF version <1.7>, but at most version <1.5> allowed
<Figures/summary_CNN_class_syn.pdf, id=1024, 614.295pt x 794.97pt>
File: Figures/summary_CNN_class_syn.pdf Graphic file (type pdf)
<use Figures/summary_CNN_class_syn.pdf>
Package pdftex.def Info: Figures/summary_CNN_class_syn.pdf  used on input line 
12.
(pdftex.def)             Requested size: 307.14674pt x 397.48402pt.


pdfTeX warning: pdflatex.exe (file ./Figures/summary_GRU_class_syn.pdf): PDF in
clusion: found PDF version <1.7>, but at most version <1.5> allowed
<Figures/summary_GRU_class_syn.pdf, id=1025, 614.295pt x 794.97pt>
File: Figures/summary_GRU_class_syn.pdf Graphic file (type pdf)
<use Figures/summary_GRU_class_syn.pdf>
Package pdftex.def Info: Figures/summary_GRU_class_syn.pdf  used on input line 
20.
(pdftex.def)             Requested size: 307.14674pt x 397.48402pt.

LaTeX Warning: `h' float specifier changed to `ht'.

1: section
[41 <./Figures/summary_CNN_class_syn.pdf>]

pdfTeX warning: pdflatex.exe (file ./Figures/summary_CNN_pred_syn.pdf): PDF inc
lusion: found PDF version <1.7>, but at most version <1.5> allowed
<Figures/summary_CNN_pred_syn.pdf, id=1042, 597.55246pt x 845.07724pt>
File: Figures/summary_CNN_pred_syn.pdf Graphic file (type pdf)
<use Figures/summary_CNN_pred_syn.pdf>
Package pdftex.def Info: Figures/summary_CNN_pred_syn.pdf  used on input line 3
0.
(pdftex.def)             Requested size: 298.7755pt x 422.53758pt.

LaTeX Warning: `h' float specifier changed to `ht'.



pdfTeX warning: pdflatex.exe (file ./Figures/summary_GRU_pred_syn.pdf): PDF inc
lusion: found PDF version <1.7>, but at most version <1.5> allowed
<Figures/summary_GRU_pred_syn.pdf, id=1043, 597.55246pt x 845.07724pt>
File: Figures/summary_GRU_pred_syn.pdf Graphic file (type pdf)
<use Figures/summary_GRU_pred_syn.pdf>
Package pdftex.def Info: Figures/summary_GRU_pred_syn.pdf  used on input line 3
8.
(pdftex.def)             Requested size: 298.7755pt x 422.53758pt.

LaTeX Warning: `h' float specifier changed to `ht'.



pdfTeX warning: pdflatex.exe (file ./Figures/summary_CNN_pred_house_temp.pdf): 
PDF inclusion: found PDF version <1.6>, but at most version <1.5> allowed
<Figures/summary_CNN_pred_house_temp.pdf, id=1044, 597.45204pt x 845.1575pt>
File: Figures/summary_CNN_pred_house_temp.pdf Graphic file (type pdf)
<use Figures/summary_CNN_pred_house_temp.pdf>
Package pdftex.def Info: Figures/summary_CNN_pred_house_temp.pdf  used on input
 line 58.
(pdftex.def)             Requested size: 298.72528pt x 422.57771pt.

LaTeX Warning: `h' float specifier changed to `ht'.



pdfTeX warning: pdflatex.exe (file ./Figures/summary_LSTM_pred_house_temp.pdf):
 PDF inclusion: found PDF version <1.6>, but at most version <1.5> allowed
<Figures/summary_LSTM_pred_house_temp.pdf, id=1045, 597.45204pt x 845.1575pt>
File: Figures/summary_LSTM_pred_house_temp.pdf Graphic file (type pdf)
<use Figures/summary_LSTM_pred_house_temp.pdf>
Package pdftex.def Info: Figures/summary_LSTM_pred_house_temp.pdf  used on inpu
t line 66.
(pdftex.def)             Requested size: 298.72528pt x 422.57771pt.

LaTeX Warning: `h' float specifier changed to `ht'.

) [42 <./Figures/summary_GRU_class_syn.pdf>] [43 <./Figures/summary_CNN_pred_sy
n.pdf>] [44 <./Figures/summary_GRU_pred_syn.pdf>] [45 <./Figures/summary_CNN_pr
ed_house_temp.pdf>] [46 <./Figures/summary_LSTM_pred_house_temp.pdf>]
LaTeX Font Info:    Trying to load font information for T1+cmtt on input line 3
07.

(D:\MikTex\tex/latex/base\t1cmtt.fd
File: t1cmtt.fd 2019/12/16 v2.5j Standard LaTeX font definitions
)
Overfull \hbox (12.14264pt too wide) in paragraph at lines 307--307
[][]\T1/futs/m/n/10.95 Aggarwal, Charu C. (2013). \T1/futs/m/it/10.95 Out-lier 
anal-y-sis\T1/futs/m/n/10.95 . Vol. 9781461463, pp. 1446. \T1/futs/m/sc/10.95 
isbn\T1/futs/m/n/10.95 : 9781461463962.
 []


Overfull \hbox (0.79219pt too wide) in paragraph at lines 307--307
\T1/futs/m/n/10.95 works on Se-quence Mod-el-ing. In: \T1/futs/m/it/10.95 NIPS
 2014 Deep Learn-ing and Rep-re-sen-ta-tion Learn-
 []


Overfull \hbox (3.85527pt too wide) in paragraph at lines 307--307
[][]\T1/futs/m/n/10.95 iek, zgn et al. (2016).   3D U-net: Learn-ing dense
 vol-u-met-ric seg-men-ta-tion from sparse
 []


Overfull \hbox (6.59953pt too wide) in paragraph at lines 307--307
\T1/futs/m/it/10.95 ni-tion, ICFHR\T1/futs/m/n/10.95 . Vol. 2018-August, pp. 80
85. \T1/futs/m/sc/10.95 isbn\T1/futs/m/n/10.95 : 9781538658758. \T1/futs/m/sc/
10.95 doi\T1/futs/m/n/10.95 : [][]$\T1/cmtt/m/n/10.95 10 . 1109 / ICFHR -[]
 []


Overfull \hbox (24.27736pt too wide) in paragraph at lines 307--307
\T1/futs/m/n/10.95 tin-ual pre-dic-tion with LSTM. In: \T1/futs/m/it/10.95 Neu
-ral Com-pu-ta-tion \T1/futs/m/n/10.95 12.10, pp. 24512471. \T1/futs/m/sc/10.9
5 issn\T1/futs/m/n/10.95 : 08997667.
 []

1: section
[47



]
Overfull \hbox (15.23232pt too wide) in paragraph at lines 307--307
[][]\T1/futs/m/n/10.95 Munir, Mohsin et al. (2019).   Deep-AnT: A Deep Learn-i
ng Ap-proach for Un-su-per-vised Anomaly
 []


Overfull \hbox (2.48285pt too wide) in paragraph at lines 307--307
\T1/futs/m/n/10.95 (John Wi-ley and Sons, Chich-ester). In: \T1/futs/m/it/10.9
5 In-ter-na-tional Jour-nal of Fore-cast-ing \T1/futs/m/n/10.95 12, pp. 175
 []

[48] [49] (main.aux (Chapters/Chapter1.aux) (Chapters/Chapter2.aux)
(Chapters/Chapter3.aux) (Chapters/Chapter4.aux) (Chapters/Chapter5.aux)
(Appendices/AppendixA.aux))

LaTeX Warning: There were undefined references.


LaTeX Warning: There were multiply-defined labels.

Package rerunfilecheck Info: File `main.out' has not changed.
(rerunfilecheck)             Checksum: 1CA3FD0AC19DEE6F207467FE3621B12C;14945.

Package biblatex Warning: Please (re)run Biber on the file:
(biblatex)                main
(biblatex)                and rerun LaTeX afterwards.

Package logreq Info: Writing requests to 'main.run.xml'.
\openout1 = `main.run.xml'.

 ) 
Here is how much of TeX's memory you used:
 27450 strings out of 479321
 560398 string characters out of 2873155
 1308747 words of memory out of 3000000
 44178 multiletter control sequences out of 15000+600000
 559779 words of font info for 149 fonts, out of 8000000 for 9000
 1141 hyphenation exceptions out of 8191
 98i,21n,102p,2350b,2465s stack positions out of 5000i,500n,10000p,200000b,80000s
 <C:\Users\Kevin.Saner\AppData\Local\MiKTeX\fonts/pk/ljfour/jknappen/ec/dpi60
0\ectt1095.pk>{D:/MikTex/fonts/enc/dvips/base/8r.enc}<D:/MikTex/fonts/type1/pub
lic/fourier/fourier-ms.pfb><D:/MikTex/fonts/type1/adobe/utopia/putb8a.pfb><D:/M
ikTex/fonts/type1/adobe/utopia/putr8a.pfb><D:/MikTex/fonts/type1/adobe/utopia/p
utr8a.pfb><D:/MikTex/fonts/type1/adobe/utopia/putri8a.pfb>
Output written on main.pdf (67 pages, 2641603 bytes).
PDF statistics:
 1320 PDF objects out of 1440 (max. 8388607)
 254 named destinations out of 1000 (max. 500000)
 943 words of extra memory for PDF output out of 10000 (max. 10000000)

